2022-05-01 11:25:08.439  INFO 5512 --- [main] com.ps.trelloapp.TrelloappApplication    : Starting TrelloappApplication using Java 11 on DESKTOP-FHA0JBB with PID 5512 (F:\PurpleSlate-Project\Trello-Clone-SpringBoot\target\classes started by SHREEVATHSAN in F:\PurpleSlate-Project\Trello-Clone-SpringBoot)
2022-05-01 11:25:08.511  INFO 5512 --- [main] com.ps.trelloapp.TrelloappApplication    : No active profile set, falling back to 1 default profile: "default"
2022-05-01 11:25:10.346  INFO 5512 --- [main] .s.d.r.c.RepositoryConfigurationDelegate : Bootstrapping Spring Data JPA repositories in DEFAULT mode.
2022-05-01 11:25:10.396  INFO 5512 --- [main] .s.d.r.c.RepositoryConfigurationDelegate : Finished Spring Data repository scanning in 24 ms. Found 0 JPA repository interfaces.
2022-05-01 11:25:14.511  INFO 5512 --- [main] o.s.b.w.embedded.tomcat.TomcatWebServer  : Tomcat initialized with port(s): 8085 (http)
2022-05-01 11:25:14.553  INFO 5512 --- [main] o.apache.catalina.core.StandardService   : Starting service [Tomcat]
2022-05-01 11:25:14.572  INFO 5512 --- [main] org.apache.catalina.core.StandardEngine  : Starting Servlet engine: [Apache Tomcat/9.0.62]
2022-05-01 11:25:15.020  INFO 5512 --- [main] o.a.c.c.C.[.[localhost].[/trello-clone]  : Initializing Spring embedded WebApplicationContext
2022-05-01 11:25:15.022  INFO 5512 --- [main] w.s.c.ServletWebServerApplicationContext : Root WebApplicationContext: initialization completed in 6302 ms
2022-05-01 11:25:15.377  INFO 5512 --- [main] com.zaxxer.hikari.HikariDataSource       : HikariPool-1 - Starting...
2022-05-01 11:25:16.669  INFO 5512 --- [main] com.zaxxer.hikari.HikariDataSource       : HikariPool-1 - Start completed.
2022-05-01 11:25:16.801  INFO 5512 --- [main] o.hibernate.jpa.internal.util.LogHelper  : HHH000204: Processing PersistenceUnitInfo [name: default]
2022-05-01 11:25:17.033  INFO 5512 --- [main] org.hibernate.Version                    : HHH000412: Hibernate ORM core version 5.6.8.Final
2022-05-01 11:25:17.522  INFO 5512 --- [main] o.hibernate.annotations.common.Version   : HCANN000001: Hibernate Commons Annotations {5.1.2.Final}
2022-05-01 11:25:17.742  INFO 5512 --- [main] org.hibernate.dialect.Dialect            : HHH000400: Using dialect: org.hibernate.dialect.MySQLDialect
2022-05-01 11:25:19.176  INFO 5512 --- [main] o.h.e.t.j.p.i.JtaPlatformInitiator       : HHH000490: Using JtaPlatform implementation: [org.hibernate.engine.transaction.jta.platform.internal.NoJtaPlatform]
2022-05-01 11:25:19.193  INFO 5512 --- [main] j.LocalContainerEntityManagerFactoryBean : Initialized JPA EntityManagerFactory for persistence unit 'default'
2022-05-01 11:25:19.532  WARN 5512 --- [main] JpaBaseConfiguration$JpaWebConfiguration : spring.jpa.open-in-view is enabled by default. Therefore, database queries may be performed during view rendering. Explicitly configure spring.jpa.open-in-view to disable this warning
2022-05-01 11:25:20.335  INFO 5512 --- [main] o.s.b.w.embedded.tomcat.TomcatWebServer  : Tomcat started on port(s): 8085 (http) with context path '/trello-clone'
2022-05-01 11:25:20.351  INFO 5512 --- [main] com.ps.trelloapp.TrelloappApplication    : Started TrelloappApplication in 13.47 seconds (JVM running for 14.643)
